










*** This is EPOS!

Setting up this machine as follows: 
  Mode:         kernel
  Processor:    4 x RV64 at 1000 MHz (BUS clock = 33 MHz)
  Machine:      SiFive-U
  Memory:       131071 KB [0x0000000080000000:0x0000000087ffffff]
  User memory:  63140 KB [0x0000000080000000:0x0000000083da9000]
  I/O space:    524287 KB [0x0000000000000000:0x000000001fffffff]
  Node Id:      will get from the network!
  Position:     will get from the network!
  Setup:        18104 bytes
  Init:         6920 bytes
  OS code:      59248 bytes	data: 1160 bytes   stack: 524288 bytes
  APP code:     12288 bytes	data: 1183744 bytes

The Philosopher's Dinner:
Philosophers are alive and hungry!
The dinner is served ...
Philosopher 0 is thinking.
Philosopher 2 is thinking.
Philosopher 3 is thinking.
Philosopher 1 is thinking.
Philosopher 4 is thinking.
Philosopher 0 is hungry.
Philosopher 0 is eating.
Philosopher 3 is hungry.
Philosopher 3 is eating.
Philosopher 1 is hungry.
Philosopher 2 is hungry.
Philosopher 0 is sate.
Philosopher 0 is thinking.
Philosopher 4 is hungry.
Philosopher 3 is sate.
Philosopher 2 is eating.
Philosopher 4 is eating.
Philosopher 3 is thinking.
Philosopher 2 is sate.
Philosopher 2 is thinking.
Philosopher 1 is eating.
Philosopher 4 is sate.
Philosopher 4 is thinking.
Philosopher 0 is hungry.
Philosopher 1 is sate.
Philosopher 1 is thinking.
Philosopher 3 is hungry.
Philosopher 3 is eating.
Philosopher 0 is eating.
Philosopher 2 is hungry.
Philosopher 0 is sate.
Philosopher 0 is thinking.
Philosopher 4 is hungry.
Philosopher 3 is sate.
Philosopher 2 is eating.
Philosopher 3 is thinkingPhi.
losopher 4 is eating.
Philosopher 1 is hungry.
Philosopher 2 is sate.
Philosopher 2 is thinking.
Philosopher 1 is eating.
Philosopher 4 is sate.
Philosopher 4 is thinking.
Philosopher 1 is sate.Philosopher 0
P ihilosopher s hu1 is thinking.ngr
y.
Philosopher 0 is eating.
Philosopher 3 is hungry.
Philosopher 3 is eating.
Philosopher 0 is sate.
Philosopher 0 is thinking.
Philosopher 2 is hungry.
Philosopher 3 is sate.
Philosopher 3 is thinking.
Philosopher 4 is hungry.
Philosopher 4 is eating.
Philosopher 2 is eating.
Philosopher 1 is hungry.
Philosopher 2 is sate.
Philosopher 2 is thinking.
Philosopher 1 is eating.
Philosopher 0 is hungry.
Philosopher 4 is sate.
Philosopher 4 is thinking.
Philosopher 3 is hungry.
Philosopher 3 is eating.
Philosopher 1 is sate.
Philosopher 1 is thinking.
Philosopher 0 is eating.
Philosopher 3 is sate.
Philosopher 3 is thinking.
Philosopher 0 is sate.
Philosopher 0 is thinking.
Philosopher 2 is hungry.
Philosopher 2 is eating.
Philosopher 4 is hungry.
Philosopher 4 is eating.
Philosopher 1 is hungry.
Philosopher 2 is sate.
Philosopher 2 is thinking.
Philosopher 1 is eating.
Philosopher 4 is sate.
Philosopher 4 is thinking.
Philosopher 1 is sate.
Philosopher 1 is thinking.
Philosopher 3 is hungry.
Philosopher 3 is eating.
Philosopher 0 is hungry.
Philosopher 0 is eating.
Philosopher 3 is sate.
Philosopher 3 is thinking.
Philosopher 4 is hungry.
Philosopher 2 is hungry.
Philosopher 2 is eating.
Philosopher 0 is sate.
Philosopher 0 is thinking.
Philosopher 4 is eating.
Philosopher 1 is hungry.
Philosopher 4 is sate.
Philosopher 4 is thinking.
Philosopher 2 is sate.
Philosopher 1 is eating.
Philosopher 2 is thinking.
Philosopher 3 is hungry.
Philosopher 3 is eating.
Philosopher 0 is hungry.
Philosopher 1 is sate.
Philosopher 0 is eating.
Philosopher 1 is thinking.
Philosopher 3 is sate.
Philosopher 3 is thinking.
Philosopher 4 is hungry.
Philosopher 2 is hungry.
Philosopher 2 is eating.
Philosopher 0 is sate.
Philosopher 0 is thinking.
Philosopher 4 is eating.
Philosopher 2 is sate.
Philosopher 2 is thinking.
Philosopher 1 is hungry.
Philosopher 1 is eating.
Philosopher 3 is hungry.
Philosopher 4 is sate.
Philosopher 3 is eating.
Philosopher 4 is thinking.
Philosopher 0 is hungry.
Philosopher 1 is sate.
Philosopher 1 is thinking.
Philosopher 2 is hungry.
Philosopher 0 is eating.
Philosopher 3 is sate.
Philosopher <3>: IC::Exception(12) => {thread=0x000000002055f5e8,atp=0x800000000
0087f7e,usp=0xffffffc000c1fdf0,ksp=0x000000002055f430,status=0x40020,cause=c,epc
=0x0000000000000304,tval=0x0000000000000304} => instruction page fault :<3>

PANIC: unexpected error!
Rebooting the machine!
